Dec-23 01:40:48.413 [main] DEBUG nextflow.cli.Launcher - $> nextflow run main.nf -resume
Dec-23 01:40:48.581 [main] DEBUG nextflow.cli.CmdRun - N E X T F L O W  ~  version 25.10.2
Dec-23 01:40:48.604 [main] DEBUG nextflow.plugin.PluginsFacade - Setting up plugin manager > mode=prod; embedded=false; plugins-dir=/home/aneesaabbas/.nextflow/plugins; core-plugins: nf-amazon@3.4.2,nf-azure@1.20.2,nf-cloudcache@0.5.0,nf-codecommit@0.5.0,nf-console@1.3.0,nf-google@1.23.3,nf-k8s@1.2.2,nf-tower@1.17.3,nf-wave@1.16.1
Dec-23 01:40:48.636 [main] INFO  o.pf4j.DefaultPluginStatusProvider - Enabled plugins: []
Dec-23 01:40:48.639 [main] INFO  o.pf4j.DefaultPluginStatusProvider - Disabled plugins: []
Dec-23 01:40:48.643 [main] INFO  org.pf4j.DefaultPluginManager - PF4J version 3.12.0 in 'deployment' mode
Dec-23 01:40:48.664 [main] DEBUG nextflow.util.RetryConfig - Missing nextflow session - using default retry config
Dec-23 01:40:48.838 [main] INFO  org.pf4j.AbstractPluginManager - No plugins
Dec-23 01:40:48.885 [main] DEBUG nextflow.config.ConfigBuilder - Found config local: /mnt/d/liver-omics-ai-pipeline/nextflow.config
Dec-23 01:40:48.890 [main] DEBUG nextflow.config.ConfigBuilder - Parsing config file: /mnt/d/liver-omics-ai-pipeline/nextflow.config
Dec-23 01:40:48.935 [main] DEBUG nextflow.config.ConfigBuilder - Applying config profile: `standard`
Dec-23 01:40:49.535 [main] DEBUG nextflow.plugin.PluginsFacade - Plugins default=[]
Dec-23 01:40:49.536 [main] DEBUG nextflow.plugin.PluginsFacade - Plugins resolved requirement=[]
Dec-23 01:40:49.553 [main] DEBUG n.secret.LocalSecretsProvider - Secrets store: /home/aneesaabbas/.nextflow/secrets/store.json
Dec-23 01:40:49.558 [main] DEBUG nextflow.secret.SecretsLoader - Discovered secrets providers: [nextflow.secret.LocalSecretsProvider@6e43ddd6] - activable => nextflow.secret.LocalSecretsProvider@6e43ddd6
Dec-23 01:40:49.574 [main] DEBUG nextflow.cli.CmdRun - Applied DSL=2 from script declaration
Dec-23 01:40:49.593 [main] DEBUG nextflow.cli.CmdRun - Launching `main.nf` [fervent_coulomb] DSL2 - revision: e71da5842a
Dec-23 01:40:49.669 [main] DEBUG nextflow.Session - Session UUID: d0d82882-f21d-4333-9bb8-17810f111cc5
Dec-23 01:40:49.669 [main] DEBUG nextflow.Session - Run name: fervent_coulomb
Dec-23 01:40:49.670 [main] DEBUG nextflow.Session - Executor pool size: 8
Dec-23 01:40:49.681 [main] DEBUG nextflow.file.FilePorter - File porter settings maxRetries=3; maxTransfers=50; pollTimeout=null
Dec-23 01:40:49.689 [main] DEBUG nextflow.util.ThreadPoolBuilder - Creating thread pool 'FileTransfer' minSize=10; maxSize=24; workQueue=LinkedBlockingQueue[-1]; allowCoreThreadTimeout=false
Dec-23 01:40:49.714 [main] DEBUG nextflow.cli.CmdRun - 
  Version: 25.10.2 build 10555
  Created: 28-11-2025 19:24 UTC (22:24 ADT)
  System: Linux 5.15.167.4-microsoft-standard-WSL2
  Runtime: Groovy 4.0.28 on OpenJDK 64-Bit Server VM 17.0.17+10-Ubuntu-122.04
  Encoding: UTF-8 (UTF-8)
  Process: 33869@DESKTOP-7K8D8LI [127.0.1.1]
  CPUs: 8 - Mem: 11.6 GB (10.1 GB) - Swap: 3 GB (3 GB)
Dec-23 01:40:49.791 [main] DEBUG nextflow.Session - Work-dir: /mnt/d/liver-omics-ai-pipeline/work [v9fs]
Dec-23 01:40:49.792 [main] DEBUG nextflow.Session - Script base path does not exist or is not a directory: /mnt/d/liver-omics-ai-pipeline/bin
Dec-23 01:40:49.805 [main] DEBUG nextflow.executor.ExecutorFactory - Extension executors providers=[]
Dec-23 01:40:49.817 [main] DEBUG nextflow.Session - Observer factory (v2): LinObserverFactory
Dec-23 01:40:49.822 [main] DEBUG nextflow.Session - Observer factory (v2): DefaultObserverFactory
Dec-23 01:40:49.917 [main] DEBUG nextflow.cache.CacheFactory - Using Nextflow cache factory: nextflow.cache.DefaultCacheFactory
Dec-23 01:40:49.936 [main] DEBUG nextflow.util.CustomThreadPool - Creating default thread pool > poolSize: 9; maxThreads: 1000
Dec-23 01:40:50.256 [main] DEBUG nextflow.Session - Session start
Dec-23 01:40:51.025 [main] DEBUG nextflow.script.ScriptRunner - > Launching execution
Dec-23 01:40:51.572 [main] DEBUG nextflow.executor.ExecutorFactory - << taskConfig executor: null
Dec-23 01:40:51.573 [main] DEBUG nextflow.executor.ExecutorFactory - >> processorType: 'local'
Dec-23 01:40:51.588 [main] DEBUG nextflow.executor.Executor - [warm up] executor > local
Dec-23 01:40:51.596 [main] DEBUG n.processor.LocalPollingMonitor - Creating local task monitor for executor 'local' > cpus=8; memory=11.6 GB; capacity=8; pollInterval=100ms; dumpInterval=5m
Dec-23 01:40:51.600 [main] DEBUG n.processor.TaskPollingMonitor - >>> barrier register (monitor: local)
Dec-23 01:40:51.636 [main] DEBUG nextflow.processor.TaskProcessor - Creating process 'PREPARE_DATA': maxForks=0; fair=false; array=0
Dec-23 01:40:51.740 [main] DEBUG nextflow.executor.ExecutorFactory - << taskConfig executor: null
Dec-23 01:40:51.741 [main] DEBUG nextflow.executor.ExecutorFactory - >> processorType: 'local'
Dec-23 01:40:51.743 [main] DEBUG nextflow.processor.TaskProcessor - Creating process 'QC_PCA': maxForks=0; fair=false; array=0
Dec-23 01:40:51.753 [main] DEBUG nextflow.executor.ExecutorFactory - << taskConfig executor: null
Dec-23 01:40:51.754 [main] DEBUG nextflow.executor.ExecutorFactory - >> processorType: 'local'
Dec-23 01:40:51.756 [main] DEBUG nextflow.processor.TaskProcessor - Creating process 'DESEQ2': maxForks=0; fair=false; array=0
Dec-23 01:40:51.771 [main] DEBUG nextflow.executor.ExecutorFactory - << taskConfig executor: null
Dec-23 01:40:51.771 [main] DEBUG nextflow.executor.ExecutorFactory - >> processorType: 'local'
Dec-23 01:40:51.773 [main] DEBUG nextflow.processor.TaskProcessor - Creating process 'MAKE_HEATMAP': maxForks=0; fair=false; array=0
Dec-23 01:40:51.784 [main] DEBUG nextflow.executor.ExecutorFactory - << taskConfig executor: null
Dec-23 01:40:51.785 [main] DEBUG nextflow.executor.ExecutorFactory - >> processorType: 'local'
Dec-23 01:40:51.786 [main] DEBUG nextflow.processor.TaskProcessor - Creating process 'ANNOT_ENRICH': maxForks=0; fair=false; array=0
Dec-23 01:40:51.801 [main] DEBUG nextflow.executor.ExecutorFactory - << taskConfig executor: null
Dec-23 01:40:51.802 [main] DEBUG nextflow.executor.ExecutorFactory - >> processorType: 'local'
Dec-23 01:40:51.803 [main] DEBUG nextflow.processor.TaskProcessor - Creating process 'ML': maxForks=0; fair=false; array=0
Dec-23 01:40:51.814 [main] DEBUG nextflow.Session - Workflow process names [dsl2]: QC_PCA, ANNOT_ENRICH, PREPARE_DATA, DESEQ2, MAKE_HEATMAP, ML
Dec-23 01:40:51.823 [main] DEBUG nextflow.Session - Igniting dataflow network (6)
Dec-23 01:40:51.825 [main] DEBUG nextflow.processor.TaskProcessor - Starting process > PREPARE_DATA
Dec-23 01:40:51.827 [main] DEBUG nextflow.processor.TaskProcessor - Starting process > QC_PCA
Dec-23 01:40:51.828 [main] DEBUG nextflow.processor.TaskProcessor - Starting process > DESEQ2
Dec-23 01:40:51.830 [main] DEBUG nextflow.processor.TaskProcessor - Starting process > MAKE_HEATMAP
Dec-23 01:40:51.831 [main] DEBUG nextflow.processor.TaskProcessor - Starting process > ANNOT_ENRICH
Dec-23 01:40:51.832 [main] DEBUG nextflow.processor.TaskProcessor - Starting process > ML
Dec-23 01:40:51.834 [main] DEBUG nextflow.script.ScriptRunner - Parsed script files:
  Script_3594e96efd9fc313: /mnt/d/liver-omics-ai-pipeline/main.nf
Dec-23 01:40:51.834 [main] DEBUG nextflow.script.ScriptRunner - > Awaiting termination 
Dec-23 01:40:51.835 [main] DEBUG nextflow.Session - Session await
Dec-23 01:40:52.118 [Actor Thread 8] INFO  nextflow.processor.TaskProcessor - [c0/19fa81] Cached process > PREPARE_DATA (prepare_data)
Dec-23 01:40:52.166 [Actor Thread 8] DEBUG nextflow.util.ThreadPoolBuilder - Creating thread pool 'PublishDir' minSize=10; maxSize=24; workQueue=LinkedBlockingQueue[-1]; allowCoreThreadTimeout=false
Dec-23 01:40:52.191 [Actor Thread 2] INFO  nextflow.processor.TaskProcessor - [64/f3c31f] Cached process > QC_PCA (qc_pca)
Dec-23 01:40:52.198 [Actor Thread 4] INFO  nextflow.processor.TaskProcessor - [b0/1051c5] Cached process > DESEQ2 (deseq2)
Dec-23 01:40:52.261 [Actor Thread 3] INFO  nextflow.processor.TaskProcessor - [26/90e55e] Cached process > MAKE_HEATMAP (heatmap)
Dec-23 01:40:52.313 [Actor Thread 5] INFO  nextflow.processor.TaskProcessor - [e4/168731] Cached process > ML (ml)
Dec-23 01:40:52.346 [Task submitter] DEBUG n.executor.local.LocalTaskHandler - Launch cmd line: /bin/bash -ue .command.run
Dec-23 01:40:52.350 [Task submitter] INFO  nextflow.Session - [0e/c29be2] Submitted process > ANNOT_ENRICH (annot_enrich)
Dec-23 01:40:56.130 [Task monitor] DEBUG n.processor.TaskPollingMonitor - Task completed > TaskHandler[id: 4; name: ANNOT_ENRICH (annot_enrich); status: COMPLETED; exit: 0; error: -; workDir: /mnt/d/liver-omics-ai-pipeline/work/0e/c29be2cba99f058b163975f503511e]
Dec-23 01:40:56.132 [Task monitor] DEBUG nextflow.util.ThreadPoolBuilder - Creating thread pool 'TaskFinalizer' minSize=10; maxSize=24; workQueue=LinkedBlockingQueue[-1]; allowCoreThreadTimeout=false
Dec-23 01:40:56.153 [TaskFinalizer-1] DEBUG n.processor.TaskFileCollector - Process `ANNOT_ENRICH (annot_enrich)` is unable to find [UnixPath]: `/mnt/d/liver-omics-ai-pipeline/work/0e/c29be2cba99f058b163975f503511e/enrichGO_BP_dotplot.png` (pattern: `enrichGO_BP_dotplot.png`)
Dec-23 01:40:56.160 [TaskFinalizer-1] DEBUG n.processor.TaskFileCollector - Process `ANNOT_ENRICH (annot_enrich)` is unable to find [UnixPath]: `/mnt/d/liver-omics-ai-pipeline/work/0e/c29be2cba99f058b163975f503511e/enrichKEGG_dotplot.png` (pattern: `enrichKEGG_dotplot.png`)
Dec-23 01:40:56.253 [TaskFinalizer-1] DEBUG nextflow.processor.TaskProcessor - Process ANNOT_ENRICH > Skipping output binding because one or more optional files are missing: fileoutparam<4>
Dec-23 01:40:56.254 [TaskFinalizer-1] DEBUG nextflow.processor.TaskProcessor - Process ANNOT_ENRICH > Skipping output binding because one or more optional files are missing: fileoutparam<6>
Dec-23 01:40:56.269 [main] DEBUG nextflow.Session - Session await > all processes finished
Dec-23 01:40:56.329 [Task monitor] DEBUG n.processor.TaskPollingMonitor - <<< barrier arrives (monitor: local) - terminating tasks monitor poll loop
Dec-23 01:40:56.330 [main] DEBUG nextflow.Session - Session await > all barriers passed
Dec-23 01:40:56.335 [main] DEBUG nextflow.util.ThreadPoolManager - Thread pool 'TaskFinalizer' shutdown completed (hard=false)
Dec-23 01:40:56.359 [main] DEBUG nextflow.util.ThreadPoolManager - Thread pool 'PublishDir' shutdown completed (hard=false)
Dec-23 01:40:56.377 [main] DEBUG n.trace.WorkflowStatsObserver - Workflow completed > WorkflowStats[succeededCount=1; failedCount=0; ignoredCount=0; cachedCount=5; pendingCount=0; submittedCount=0; runningCount=0; retriesCount=0; abortedCount=0; succeedDuration=3.7s; failedDuration=0ms; cachedDuration=1m 16s;loadCpus=0; loadMemory=0; peakRunning=1; peakCpus=1; peakMemory=0; ]
Dec-23 01:40:56.606 [main] DEBUG nextflow.cache.CacheDB - Closing CacheDB done
Dec-23 01:40:56.651 [main] DEBUG nextflow.util.ThreadPoolManager - Thread pool 'FileTransfer' shutdown completed (hard=false)
Dec-23 01:40:56.652 [main] DEBUG nextflow.script.ScriptRunner - > Execution complete -- Goodbye
